2021-06-30 14:12:27.1581 Quartz.Core.QuartzScheduler Quartz Scheduler v.3.3.2.0 created. 
2021-06-30 14:12:27.1581 Quartz.Core.QuartzScheduler Scheduler meta-data: Quartz Scheduler (v3.3.2.0) 'MESServer' with instanceId 'NON_CLUSTERED'
  Scheduler class: 'Quartz.Core.QuartzScheduler' - running locally.
  NOT STARTED.
  Currently in standby mode.
  Number of jobs executed: 0
  Using thread pool 'Quartz.Simpl.DefaultThreadPool' - with 10 threads.
  Using job-store 'Quartz.Simpl.RAMJobStore' - which does not support persistence. and is not clustered.
 
2021-06-30 14:12:27.1581 Quartz.Core.QuartzScheduler JobFactory set to: QuartzExtensions.JobFactory 
2021-06-30 14:12:27.3720 Quartz.Core.QuartzScheduler Scheduler MESServer_$_NON_CLUSTERED started. 
2021-06-30 14:25:14.5373 Quartz.Core.QuartzScheduler Quartz Scheduler v.3.3.2.0 created. 
2021-06-30 14:25:14.5373 Quartz.Core.QuartzScheduler Scheduler meta-data: Quartz Scheduler (v3.3.2.0) 'MESServer' with instanceId 'NON_CLUSTERED'
  Scheduler class: 'Quartz.Core.QuartzScheduler' - running locally.
  NOT STARTED.
  Currently in standby mode.
  Number of jobs executed: 0
  Using thread pool 'Quartz.Simpl.DefaultThreadPool' - with 10 threads.
  Using job-store 'Quartz.Simpl.RAMJobStore' - which does not support persistence. and is not clustered.
 
2021-06-30 14:25:14.5373 Quartz.Core.QuartzScheduler JobFactory set to: QuartzExtensions.JobFactory 
2021-06-30 14:25:14.6844 Quartz.Core.QuartzScheduler Scheduler MESServer_$_NON_CLUSTERED started. 
2021-06-30 14:31:27.6766 Quartz.Core.QuartzScheduler Quartz Scheduler v.3.3.2.0 created. 
2021-06-30 14:31:27.6766 Quartz.Core.QuartzScheduler Scheduler meta-data: Quartz Scheduler (v3.3.2.0) 'MESServer' with instanceId 'NON_CLUSTERED'
  Scheduler class: 'Quartz.Core.QuartzScheduler' - running locally.
  NOT STARTED.
  Currently in standby mode.
  Number of jobs executed: 0
  Using thread pool 'Quartz.Simpl.DefaultThreadPool' - with 10 threads.
  Using job-store 'Quartz.Simpl.RAMJobStore' - which does not support persistence. and is not clustered.
 
2021-06-30 14:31:27.6766 Quartz.Core.QuartzScheduler JobFactory set to: QuartzExtensions.JobFactory 
2021-06-30 14:31:27.8354 Quartz.Core.QuartzScheduler Scheduler MESServer_$_NON_CLUSTERED started. 
2021-06-30 14:33:35.6473 Quartz.Core.QuartzScheduler Quartz Scheduler v.3.3.2.0 created. 
2021-06-30 14:33:35.6591 Quartz.Core.QuartzScheduler Scheduler meta-data: Quartz Scheduler (v3.3.2.0) 'MESServer' with instanceId 'NON_CLUSTERED'
  Scheduler class: 'Quartz.Core.QuartzScheduler' - running locally.
  NOT STARTED.
  Currently in standby mode.
  Number of jobs executed: 0
  Using thread pool 'Quartz.Simpl.DefaultThreadPool' - with 10 threads.
  Using job-store 'Quartz.Simpl.RAMJobStore' - which does not support persistence. and is not clustered.
 
2021-06-30 14:33:35.6591 Quartz.Core.QuartzScheduler JobFactory set to: QuartzExtensions.JobFactory 
2021-06-30 14:33:35.8047 Quartz.Core.QuartzScheduler Scheduler MESServer_$_NON_CLUSTERED started. 
2021-06-30 14:35:30.7532 Quartz.Core.QuartzScheduler Quartz Scheduler v.3.3.2.0 created. 
2021-06-30 14:35:30.7666 Quartz.Core.QuartzScheduler Scheduler meta-data: Quartz Scheduler (v3.3.2.0) 'MESServer' with instanceId 'NON_CLUSTERED'
  Scheduler class: 'Quartz.Core.QuartzScheduler' - running locally.
  NOT STARTED.
  Currently in standby mode.
  Number of jobs executed: 0
  Using thread pool 'Quartz.Simpl.DefaultThreadPool' - with 10 threads.
  Using job-store 'Quartz.Simpl.RAMJobStore' - which does not support persistence. and is not clustered.
 
2021-06-30 14:35:30.7666 Quartz.Core.QuartzScheduler JobFactory set to: QuartzExtensions.JobFactory 
2021-06-30 14:35:30.9116 Quartz.Core.QuartzScheduler Scheduler MESServer_$_NON_CLUSTERED started. 
2021-06-30 14:41:44.2087 Quartz.Core.QuartzScheduler Quartz Scheduler v.3.3.2.0 created. 
2021-06-30 14:41:44.2087 Quartz.Core.QuartzScheduler Scheduler meta-data: Quartz Scheduler (v3.3.2.0) 'MESServer' with instanceId 'NON_CLUSTERED'
  Scheduler class: 'Quartz.Core.QuartzScheduler' - running locally.
  NOT STARTED.
  Currently in standby mode.
  Number of jobs executed: 0
  Using thread pool 'Quartz.Simpl.DefaultThreadPool' - with 10 threads.
  Using job-store 'Quartz.Simpl.RAMJobStore' - which does not support persistence. and is not clustered.
 
2021-06-30 14:41:44.2087 Quartz.Core.QuartzScheduler JobFactory set to: QuartzExtensions.JobFactory 
2021-06-30 14:41:44.3449 Quartz.Core.QuartzScheduler Scheduler MESServer_$_NON_CLUSTERED started. 
2021-06-30 14:42:40.5646 Quartz.Core.QuartzScheduler Quartz Scheduler v.3.3.2.0 created. 
2021-06-30 14:42:40.5646 Quartz.Core.QuartzScheduler Scheduler meta-data: Quartz Scheduler (v3.3.2.0) 'MESServer' with instanceId 'NON_CLUSTERED'
  Scheduler class: 'Quartz.Core.QuartzScheduler' - running locally.
  NOT STARTED.
  Currently in standby mode.
  Number of jobs executed: 0
  Using thread pool 'Quartz.Simpl.DefaultThreadPool' - with 10 threads.
  Using job-store 'Quartz.Simpl.RAMJobStore' - which does not support persistence. and is not clustered.
 
2021-06-30 14:42:42.1033 Quartz.Core.QuartzScheduler JobFactory set to: QuartzExtensions.JobFactory 
2021-06-30 14:42:46.5654 Quartz.Core.QuartzScheduler Scheduler MESServer_$_NON_CLUSTERED started. 
2021-06-30 14:43:20.7085 Quartz.Core.QuartzScheduler Quartz Scheduler v.3.3.2.0 created. 
2021-06-30 14:43:20.7085 Quartz.Core.QuartzScheduler Scheduler meta-data: Quartz Scheduler (v3.3.2.0) 'MESServer' with instanceId 'NON_CLUSTERED'
  Scheduler class: 'Quartz.Core.QuartzScheduler' - running locally.
  NOT STARTED.
  Currently in standby mode.
  Number of jobs executed: 0
  Using thread pool 'Quartz.Simpl.DefaultThreadPool' - with 10 threads.
  Using job-store 'Quartz.Simpl.RAMJobStore' - which does not support persistence. and is not clustered.
 
2021-06-30 14:43:20.7085 Quartz.Core.QuartzScheduler JobFactory set to: QuartzExtensions.JobFactory 
2021-06-30 14:43:20.8602 Quartz.Core.QuartzScheduler Scheduler MESServer_$_NON_CLUSTERED started. 
2021-06-30 14:45:34.8757 Quartz.Core.QuartzScheduler Quartz Scheduler v.3.3.2.0 created. 
2021-06-30 14:45:34.8757 Quartz.Core.QuartzScheduler Scheduler meta-data: Quartz Scheduler (v3.3.2.0) 'MESServer' with instanceId 'NON_CLUSTERED'
  Scheduler class: 'Quartz.Core.QuartzScheduler' - running locally.
  NOT STARTED.
  Currently in standby mode.
  Number of jobs executed: 0
  Using thread pool 'Quartz.Simpl.DefaultThreadPool' - with 10 threads.
  Using job-store 'Quartz.Simpl.RAMJobStore' - which does not support persistence. and is not clustered.
 
2021-06-30 14:45:34.8757 Quartz.Core.QuartzScheduler JobFactory set to: QuartzExtensions.JobFactory 
2021-06-30 14:45:35.0223 Quartz.Core.QuartzScheduler Scheduler MESServer_$_NON_CLUSTERED started. 
2021-06-30 14:50:56.9734 Quartz.Core.QuartzScheduler Quartz Scheduler v.3.3.2.0 created. 
2021-06-30 14:50:56.9734 Quartz.Core.QuartzScheduler Scheduler meta-data: Quartz Scheduler (v3.3.2.0) 'MESServer' with instanceId 'NON_CLUSTERED'
  Scheduler class: 'Quartz.Core.QuartzScheduler' - running locally.
  NOT STARTED.
  Currently in standby mode.
  Number of jobs executed: 0
  Using thread pool 'Quartz.Simpl.DefaultThreadPool' - with 10 threads.
  Using job-store 'Quartz.Simpl.RAMJobStore' - which does not support persistence. and is not clustered.
 
2021-06-30 14:50:56.9734 Quartz.Core.QuartzScheduler JobFactory set to: QuartzExtensions.JobFactory 
2021-06-30 14:50:57.1092 Quartz.Core.QuartzScheduler Scheduler MESServer_$_NON_CLUSTERED started. 
2021-06-30 14:54:25.1092 Quartz.Core.QuartzScheduler Quartz Scheduler v.3.3.2.0 created. 
2021-06-30 14:54:25.1092 Quartz.Core.QuartzScheduler Scheduler meta-data: Quartz Scheduler (v3.3.2.0) 'MESServer' with instanceId 'NON_CLUSTERED'
  Scheduler class: 'Quartz.Core.QuartzScheduler' - running locally.
  NOT STARTED.
  Currently in standby mode.
  Number of jobs executed: 0
  Using thread pool 'Quartz.Simpl.DefaultThreadPool' - with 10 threads.
  Using job-store 'Quartz.Simpl.RAMJobStore' - which does not support persistence. and is not clustered.
 
2021-06-30 14:54:25.1092 Quartz.Core.QuartzScheduler JobFactory set to: QuartzExtensions.JobFactory 
2021-06-30 14:54:25.2708 Quartz.Core.QuartzScheduler Scheduler MESServer_$_NON_CLUSTERED started. 
2021-06-30 14:54:25.2708 Quartz.Core.QuartzScheduler Scheduler MESServer_$_NON_CLUSTERED started. 
2021-06-30 14:59:47.2235 Quartz.Core.QuartzScheduler Quartz Scheduler v.3.3.2.0 created. 
2021-06-30 14:59:47.2235 Quartz.Core.QuartzScheduler Scheduler meta-data: Quartz Scheduler (v3.3.2.0) 'MESServer' with instanceId 'NON_CLUSTERED'
  Scheduler class: 'Quartz.Core.QuartzScheduler' - running locally.
  NOT STARTED.
  Currently in standby mode.
  Number of jobs executed: 0
  Using thread pool 'Quartz.Simpl.DefaultThreadPool' - with 10 threads.
  Using job-store 'Quartz.Simpl.RAMJobStore' - which does not support persistence. and is not clustered.
 
2021-06-30 14:59:47.2235 Quartz.Core.QuartzScheduler JobFactory set to: QuartzExtensions.JobFactory 
2021-06-30 14:59:47.3944 Quartz.Core.QuartzScheduler Scheduler MESServer_$_NON_CLUSTERED started. 
2021-06-30 15:00:56.6126 Quartz.Core.QuartzScheduler Quartz Scheduler v.3.3.2.0 created. 
2021-06-30 15:00:56.6126 Quartz.Core.QuartzScheduler Scheduler meta-data: Quartz Scheduler (v3.3.2.0) 'MESServer' with instanceId 'NON_CLUSTERED'
  Scheduler class: 'Quartz.Core.QuartzScheduler' - running locally.
  NOT STARTED.
  Currently in standby mode.
  Number of jobs executed: 0
  Using thread pool 'Quartz.Simpl.DefaultThreadPool' - with 10 threads.
  Using job-store 'Quartz.Simpl.RAMJobStore' - which does not support persistence. and is not clustered.
 
2021-06-30 15:00:56.6126 Quartz.Core.QuartzScheduler JobFactory set to: QuartzExtensions.JobFactory 
2021-06-30 15:00:56.7620 Quartz.Core.QuartzScheduler Scheduler MESServer_$_NON_CLUSTERED started. 
2021-06-30 15:01:47.1453 Quartz.Core.QuartzScheduler Quartz Scheduler v.3.3.2.0 created. 
2021-06-30 15:01:47.1453 Quartz.Core.QuartzScheduler Scheduler meta-data: Quartz Scheduler (v3.3.2.0) 'MESServer' with instanceId 'NON_CLUSTERED'
  Scheduler class: 'Quartz.Core.QuartzScheduler' - running locally.
  NOT STARTED.
  Currently in standby mode.
  Number of jobs executed: 0
  Using thread pool 'Quartz.Simpl.DefaultThreadPool' - with 10 threads.
  Using job-store 'Quartz.Simpl.RAMJobStore' - which does not support persistence. and is not clustered.
 
2021-06-30 15:01:47.1453 Quartz.Core.QuartzScheduler JobFactory set to: QuartzExtensions.JobFactory 
2021-06-30 15:01:47.3017 Quartz.Core.QuartzScheduler Scheduler MESServer_$_NON_CLUSTERED started. 
2021-06-30 15:26:00.6016 Quartz.Core.QuartzScheduler Quartz Scheduler v.3.3.2.0 created. 
2021-06-30 15:26:00.6089 Quartz.Core.QuartzScheduler Scheduler meta-data: Quartz Scheduler (v3.3.2.0) 'MESServer' with instanceId 'NON_CLUSTERED'
  Scheduler class: 'Quartz.Core.QuartzScheduler' - running locally.
  NOT STARTED.
  Currently in standby mode.
  Number of jobs executed: 0
  Using thread pool 'Quartz.Simpl.DefaultThreadPool' - with 10 threads.
  Using job-store 'Quartz.Simpl.RAMJobStore' - which does not support persistence. and is not clustered.
 
2021-06-30 15:26:00.6089 Quartz.Core.QuartzScheduler JobFactory set to: QuartzExtensions.JobFactory 
2021-06-30 15:26:00.7554 Quartz.Core.QuartzScheduler Scheduler MESServer_$_NON_CLUSTERED started. 
2021-06-30 15:26:40.2697 Quartz.Core.QuartzScheduler Quartz Scheduler v.3.3.2.0 created. 
2021-06-30 15:26:40.2697 Quartz.Core.QuartzScheduler Scheduler meta-data: Quartz Scheduler (v3.3.2.0) 'MESServer' with instanceId 'NON_CLUSTERED'
  Scheduler class: 'Quartz.Core.QuartzScheduler' - running locally.
  NOT STARTED.
  Currently in standby mode.
  Number of jobs executed: 0
  Using thread pool 'Quartz.Simpl.DefaultThreadPool' - with 10 threads.
  Using job-store 'Quartz.Simpl.RAMJobStore' - which does not support persistence. and is not clustered.
 
2021-06-30 15:26:40.2697 Quartz.Core.QuartzScheduler JobFactory set to: QuartzExtensions.JobFactory 
2021-06-30 15:26:40.4171 Quartz.Core.QuartzScheduler Scheduler MESServer_$_NON_CLUSTERED started. 
2021-06-30 15:28:39.0008 Quartz.Core.QuartzScheduler Quartz Scheduler v.3.3.2.0 created. 
2021-06-30 15:28:39.0008 Quartz.Core.QuartzScheduler Scheduler meta-data: Quartz Scheduler (v3.3.2.0) 'MESServer' with instanceId 'NON_CLUSTERED'
  Scheduler class: 'Quartz.Core.QuartzScheduler' - running locally.
  NOT STARTED.
  Currently in standby mode.
  Number of jobs executed: 0
  Using thread pool 'Quartz.Simpl.DefaultThreadPool' - with 10 threads.
  Using job-store 'Quartz.Simpl.RAMJobStore' - which does not support persistence. and is not clustered.
 
2021-06-30 15:28:39.0008 Quartz.Core.QuartzScheduler JobFactory set to: QuartzExtensions.JobFactory 
2021-06-30 15:28:39.1514 Quartz.Core.QuartzScheduler Scheduler MESServer_$_NON_CLUSTERED started. 
2021-06-30 15:44:02.6917 Quartz.Core.QuartzScheduler Quartz Scheduler v.3.3.2.0 created. 
2021-06-30 15:44:02.7056 Quartz.Core.QuartzScheduler Scheduler meta-data: Quartz Scheduler (v3.3.2.0) 'MESServer' with instanceId 'NON_CLUSTERED'
  Scheduler class: 'Quartz.Core.QuartzScheduler' - running locally.
  NOT STARTED.
  Currently in standby mode.
  Number of jobs executed: 0
  Using thread pool 'Quartz.Simpl.DefaultThreadPool' - with 10 threads.
  Using job-store 'Quartz.Simpl.RAMJobStore' - which does not support persistence. and is not clustered.
 
2021-06-30 15:44:02.7056 Quartz.Core.QuartzScheduler JobFactory set to: QuartzExtensions.JobFactory 
2021-06-30 15:44:02.8440 Quartz.Core.QuartzScheduler Scheduler MESServer_$_NON_CLUSTERED started. 
2021-06-30 15:45:47.1597 Quartz.Core.QuartzScheduler Quartz Scheduler v.3.3.2.0 created. 
2021-06-30 15:45:47.1720 Quartz.Core.QuartzScheduler Scheduler meta-data: Quartz Scheduler (v3.3.2.0) 'MESServer' with instanceId 'NON_CLUSTERED'
  Scheduler class: 'Quartz.Core.QuartzScheduler' - running locally.
  NOT STARTED.
  Currently in standby mode.
  Number of jobs executed: 0
  Using thread pool 'Quartz.Simpl.DefaultThreadPool' - with 10 threads.
  Using job-store 'Quartz.Simpl.RAMJobStore' - which does not support persistence. and is not clustered.
 
2021-06-30 15:45:47.1720 Quartz.Core.QuartzScheduler JobFactory set to: QuartzExtensions.JobFactory 
2021-06-30 15:45:47.3302 Quartz.Core.QuartzScheduler Scheduler MESServer_$_NON_CLUSTERED started. 
2021-06-30 15:47:03.8956 Quartz.Core.QuartzScheduler Quartz Scheduler v.3.3.2.0 created. 
2021-06-30 15:47:03.8956 Quartz.Core.QuartzScheduler Scheduler meta-data: Quartz Scheduler (v3.3.2.0) 'MESServer' with instanceId 'NON_CLUSTERED'
  Scheduler class: 'Quartz.Core.QuartzScheduler' - running locally.
  NOT STARTED.
  Currently in standby mode.
  Number of jobs executed: 0
  Using thread pool 'Quartz.Simpl.DefaultThreadPool' - with 10 threads.
  Using job-store 'Quartz.Simpl.RAMJobStore' - which does not support persistence. and is not clustered.
 
2021-06-30 15:47:03.8956 Quartz.Core.QuartzScheduler JobFactory set to: QuartzExtensions.JobFactory 
2021-06-30 15:47:04.0434 Quartz.Core.QuartzScheduler Scheduler MESServer_$_NON_CLUSTERED started. 
2021-06-30 15:47:39.8589 Quartz.Core.QuartzScheduler Quartz Scheduler v.3.3.2.0 created. 
2021-06-30 15:47:39.8589 Quartz.Core.QuartzScheduler Scheduler meta-data: Quartz Scheduler (v3.3.2.0) 'MESServer' with instanceId 'NON_CLUSTERED'
  Scheduler class: 'Quartz.Core.QuartzScheduler' - running locally.
  NOT STARTED.
  Currently in standby mode.
  Number of jobs executed: 0
  Using thread pool 'Quartz.Simpl.DefaultThreadPool' - with 10 threads.
  Using job-store 'Quartz.Simpl.RAMJobStore' - which does not support persistence. and is not clustered.
 
2021-06-30 15:47:39.8746 Quartz.Core.QuartzScheduler JobFactory set to: QuartzExtensions.JobFactory 
2021-06-30 15:47:39.9999 Quartz.Core.QuartzScheduler Scheduler MESServer_$_NON_CLUSTERED started. 
2021-06-30 15:57:47.7050 Quartz.Core.QuartzScheduler Quartz Scheduler v.3.3.2.0 created. 
2021-06-30 15:57:47.7050 Quartz.Core.QuartzScheduler Scheduler meta-data: Quartz Scheduler (v3.3.2.0) 'MESServer' with instanceId 'NON_CLUSTERED'
  Scheduler class: 'Quartz.Core.QuartzScheduler' - running locally.
  NOT STARTED.
  Currently in standby mode.
  Number of jobs executed: 0
  Using thread pool 'Quartz.Simpl.DefaultThreadPool' - with 10 threads.
  Using job-store 'Quartz.Simpl.RAMJobStore' - which does not support persistence. and is not clustered.
 
2021-06-30 15:57:47.7050 Quartz.Core.QuartzScheduler JobFactory set to: QuartzExtensions.JobFactory 
2021-06-30 15:57:47.8523 Quartz.Core.QuartzScheduler Scheduler MESServer_$_NON_CLUSTERED started. 
2021-06-30 16:03:40.0386 Quartz.Core.QuartzScheduler Quartz Scheduler v.3.3.2.0 created. 
2021-06-30 16:03:40.0504 Quartz.Core.QuartzScheduler Scheduler meta-data: Quartz Scheduler (v3.3.2.0) 'MESServer' with instanceId 'NON_CLUSTERED'
  Scheduler class: 'Quartz.Core.QuartzScheduler' - running locally.
  NOT STARTED.
  Currently in standby mode.
  Number of jobs executed: 0
  Using thread pool 'Quartz.Simpl.DefaultThreadPool' - with 10 threads.
  Using job-store 'Quartz.Simpl.RAMJobStore' - which does not support persistence. and is not clustered.
 
2021-06-30 16:03:40.0504 Quartz.Core.QuartzScheduler JobFactory set to: QuartzExtensions.JobFactory 
2021-06-30 16:03:40.1937 Quartz.Core.QuartzScheduler Scheduler MESServer_$_NON_CLUSTERED started. 
2021-06-30 16:04:34.3655 Quartz.Core.QuartzScheduler Quartz Scheduler v.3.3.2.0 created. 
2021-06-30 16:04:34.3655 Quartz.Core.QuartzScheduler Scheduler meta-data: Quartz Scheduler (v3.3.2.0) 'MESServer' with instanceId 'NON_CLUSTERED'
  Scheduler class: 'Quartz.Core.QuartzScheduler' - running locally.
  NOT STARTED.
  Currently in standby mode.
  Number of jobs executed: 0
  Using thread pool 'Quartz.Simpl.DefaultThreadPool' - with 10 threads.
  Using job-store 'Quartz.Simpl.RAMJobStore' - which does not support persistence. and is not clustered.
 
2021-06-30 16:04:34.3655 Quartz.Core.QuartzScheduler JobFactory set to: QuartzExtensions.JobFactory 
2021-06-30 16:04:34.5004 Quartz.Core.QuartzScheduler Scheduler MESServer_$_NON_CLUSTERED started. 
2021-06-30 16:10:07.0392 Quartz.Core.QuartzScheduler Quartz Scheduler v.3.3.2.0 created. 
2021-06-30 16:10:07.0469 Quartz.Core.QuartzScheduler Scheduler meta-data: Quartz Scheduler (v3.3.2.0) 'MESServer' with instanceId 'NON_CLUSTERED'
  Scheduler class: 'Quartz.Core.QuartzScheduler' - running locally.
  NOT STARTED.
  Currently in standby mode.
  Number of jobs executed: 0
  Using thread pool 'Quartz.Simpl.DefaultThreadPool' - with 10 threads.
  Using job-store 'Quartz.Simpl.RAMJobStore' - which does not support persistence. and is not clustered.
 
2021-06-30 16:10:07.0469 Quartz.Core.QuartzScheduler JobFactory set to: QuartzExtensions.JobFactory 
2021-06-30 16:10:07.1989 Quartz.Core.QuartzScheduler Scheduler MESServer_$_NON_CLUSTERED started. 
2021-06-30 16:15:42.0162 Quartz.Core.QuartzScheduler Quartz Scheduler v.3.3.2.0 created. 
2021-06-30 16:15:42.0162 Quartz.Core.QuartzScheduler Scheduler meta-data: Quartz Scheduler (v3.3.2.0) 'MESServer' with instanceId 'NON_CLUSTERED'
  Scheduler class: 'Quartz.Core.QuartzScheduler' - running locally.
  NOT STARTED.
  Currently in standby mode.
  Number of jobs executed: 0
  Using thread pool 'Quartz.Simpl.DefaultThreadPool' - with 10 threads.
  Using job-store 'Quartz.Simpl.RAMJobStore' - which does not support persistence. and is not clustered.
 
2021-06-30 16:15:42.0162 Quartz.Core.QuartzScheduler JobFactory set to: QuartzExtensions.JobFactory 
2021-06-30 16:15:42.1647 Quartz.Core.QuartzScheduler Scheduler MESServer_$_NON_CLUSTERED started. 
2021-06-30 16:20:46.6895 Quartz.Core.QuartzScheduler Quartz Scheduler v.3.3.2.0 created. 
2021-06-30 16:20:46.6895 Quartz.Core.QuartzScheduler Scheduler meta-data: Quartz Scheduler (v3.3.2.0) 'MESServer' with instanceId 'NON_CLUSTERED'
  Scheduler class: 'Quartz.Core.QuartzScheduler' - running locally.
  NOT STARTED.
  Currently in standby mode.
  Number of jobs executed: 0
  Using thread pool 'Quartz.Simpl.DefaultThreadPool' - with 10 threads.
  Using job-store 'Quartz.Simpl.RAMJobStore' - which does not support persistence. and is not clustered.
 
2021-06-30 16:20:46.6895 Quartz.Core.QuartzScheduler JobFactory set to: QuartzExtensions.JobFactory 
2021-06-30 16:20:46.8372 Quartz.Core.QuartzScheduler Scheduler MESServer_$_NON_CLUSTERED started. 
2021-06-30 16:23:29.3434 Quartz.Core.QuartzScheduler Quartz Scheduler v.3.3.2.0 created. 
2021-06-30 16:23:29.3434 Quartz.Core.QuartzScheduler Scheduler meta-data: Quartz Scheduler (v3.3.2.0) 'MESServer' with instanceId 'NON_CLUSTERED'
  Scheduler class: 'Quartz.Core.QuartzScheduler' - running locally.
  NOT STARTED.
  Currently in standby mode.
  Number of jobs executed: 0
  Using thread pool 'Quartz.Simpl.DefaultThreadPool' - with 10 threads.
  Using job-store 'Quartz.Simpl.RAMJobStore' - which does not support persistence. and is not clustered.
 
2021-06-30 16:23:29.3434 Quartz.Core.QuartzScheduler JobFactory set to: QuartzExtensions.JobFactory 
2021-06-30 16:23:29.4931 Quartz.Core.QuartzScheduler Scheduler MESServer_$_NON_CLUSTERED started. 
2021-06-30 16:24:30.8750 Quartz.Core.QuartzScheduler Quartz Scheduler v.3.3.2.0 created. 
2021-06-30 16:24:30.8750 Quartz.Core.QuartzScheduler Scheduler meta-data: Quartz Scheduler (v3.3.2.0) 'MESServer' with instanceId 'NON_CLUSTERED'
  Scheduler class: 'Quartz.Core.QuartzScheduler' - running locally.
  NOT STARTED.
  Currently in standby mode.
  Number of jobs executed: 0
  Using thread pool 'Quartz.Simpl.DefaultThreadPool' - with 10 threads.
  Using job-store 'Quartz.Simpl.RAMJobStore' - which does not support persistence. and is not clustered.
 
2021-06-30 16:24:30.8750 Quartz.Core.QuartzScheduler JobFactory set to: QuartzExtensions.JobFactory 
2021-06-30 16:24:31.0226 Quartz.Core.QuartzScheduler Scheduler MESServer_$_NON_CLUSTERED started. 
2021-06-30 16:26:08.1588 Quartz.Core.QuartzScheduler Quartz Scheduler v.3.3.2.0 created. 
2021-06-30 16:26:08.1588 Quartz.Core.QuartzScheduler Scheduler meta-data: Quartz Scheduler (v3.3.2.0) 'MESServer' with instanceId 'NON_CLUSTERED'
  Scheduler class: 'Quartz.Core.QuartzScheduler' - running locally.
  NOT STARTED.
  Currently in standby mode.
  Number of jobs executed: 0
  Using thread pool 'Quartz.Simpl.DefaultThreadPool' - with 10 threads.
  Using job-store 'Quartz.Simpl.RAMJobStore' - which does not support persistence. and is not clustered.
 
2021-06-30 16:26:08.1588 Quartz.Core.QuartzScheduler JobFactory set to: QuartzExtensions.JobFactory 
2021-06-30 16:26:08.3242 Quartz.Core.QuartzScheduler Scheduler MESServer_$_NON_CLUSTERED started. 
2021-06-30 17:33:11.0016 Quartz.Core.QuartzScheduler Quartz Scheduler v.3.3.2.0 created. 
2021-06-30 17:33:11.0016 Quartz.Core.QuartzScheduler Scheduler meta-data: Quartz Scheduler (v3.3.2.0) 'MESServer' with instanceId 'NON_CLUSTERED'
  Scheduler class: 'Quartz.Core.QuartzScheduler' - running locally.
  NOT STARTED.
  Currently in standby mode.
  Number of jobs executed: 0
  Using thread pool 'Quartz.Simpl.DefaultThreadPool' - with 10 threads.
  Using job-store 'Quartz.Simpl.RAMJobStore' - which does not support persistence. and is not clustered.
 
2021-06-30 17:33:11.0016 Quartz.Core.QuartzScheduler JobFactory set to: QuartzExtensions.JobFactory 
2021-06-30 17:33:11.1578 Quartz.Core.QuartzScheduler Scheduler MESServer_$_NON_CLUSTERED started. 
2021-06-30 17:35:48.4058 Quartz.Core.QuartzScheduler Quartz Scheduler v.3.3.2.0 created. 
2021-06-30 17:35:48.4058 Quartz.Core.QuartzScheduler Scheduler meta-data: Quartz Scheduler (v3.3.2.0) 'MESServer' with instanceId 'NON_CLUSTERED'
  Scheduler class: 'Quartz.Core.QuartzScheduler' - running locally.
  NOT STARTED.
  Currently in standby mode.
  Number of jobs executed: 0
  Using thread pool 'Quartz.Simpl.DefaultThreadPool' - with 10 threads.
  Using job-store 'Quartz.Simpl.RAMJobStore' - which does not support persistence. and is not clustered.
 
2021-06-30 17:35:48.4058 Quartz.Core.QuartzScheduler JobFactory set to: QuartzExtensions.JobFactory 
2021-06-30 17:35:48.5566 Quartz.Core.QuartzScheduler Scheduler MESServer_$_NON_CLUSTERED started. 
2021-06-30 17:50:27.1729 Quartz.Core.QuartzScheduler Quartz Scheduler v.3.3.2.0 created. 
2021-06-30 17:50:27.1729 Quartz.Core.QuartzScheduler Scheduler meta-data: Quartz Scheduler (v3.3.2.0) 'MESServer' with instanceId 'NON_CLUSTERED'
  Scheduler class: 'Quartz.Core.QuartzScheduler' - running locally.
  NOT STARTED.
  Currently in standby mode.
  Number of jobs executed: 0
  Using thread pool 'Quartz.Simpl.DefaultThreadPool' - with 10 threads.
  Using job-store 'Quartz.Simpl.RAMJobStore' - which does not support persistence. and is not clustered.
 
2021-06-30 17:50:28.0406 Quartz.Core.QuartzScheduler JobFactory set to: QuartzExtensions.JobFactory 
2021-06-30 17:50:40.0368 Quartz.Core.QuartzScheduler Scheduler MESServer_$_NON_CLUSTERED started. 
2021-06-30 17:55:58.4072 Quartz.Core.QuartzScheduler Quartz Scheduler v.3.3.2.0 created. 
2021-06-30 17:55:58.4225 Quartz.Core.QuartzScheduler Scheduler meta-data: Quartz Scheduler (v3.3.2.0) 'MESServer' with instanceId 'NON_CLUSTERED'
  Scheduler class: 'Quartz.Core.QuartzScheduler' - running locally.
  NOT STARTED.
  Currently in standby mode.
  Number of jobs executed: 0
  Using thread pool 'Quartz.Simpl.DefaultThreadPool' - with 10 threads.
  Using job-store 'Quartz.Simpl.RAMJobStore' - which does not support persistence. and is not clustered.
 
2021-06-30 17:55:58.4225 Quartz.Core.QuartzScheduler JobFactory set to: QuartzExtensions.JobFactory 
2021-06-30 17:55:58.5678 Quartz.Core.QuartzScheduler Scheduler MESServer_$_NON_CLUSTERED started. 
2021-06-30 17:58:25.0681 Quartz.Core.QuartzScheduler Quartz Scheduler v.3.3.2.0 created. 
2021-06-30 17:58:25.0681 Quartz.Core.QuartzScheduler Scheduler meta-data: Quartz Scheduler (v3.3.2.0) 'MESServer' with instanceId 'NON_CLUSTERED'
  Scheduler class: 'Quartz.Core.QuartzScheduler' - running locally.
  NOT STARTED.
  Currently in standby mode.
  Number of jobs executed: 0
  Using thread pool 'Quartz.Simpl.DefaultThreadPool' - with 10 threads.
  Using job-store 'Quartz.Simpl.RAMJobStore' - which does not support persistence. and is not clustered.
 
2021-06-30 17:58:25.0681 Quartz.Core.QuartzScheduler JobFactory set to: QuartzExtensions.JobFactory 
2021-06-30 17:58:25.2282 Quartz.Core.QuartzScheduler Scheduler MESServer_$_NON_CLUSTERED started. 
2021-06-30 18:22:39.7867 Quartz.Core.QuartzScheduler Quartz Scheduler v.3.3.2.0 created. 
2021-06-30 18:22:39.7867 Quartz.Core.QuartzScheduler Scheduler meta-data: Quartz Scheduler (v3.3.2.0) 'MESServer' with instanceId 'NON_CLUSTERED'
  Scheduler class: 'Quartz.Core.QuartzScheduler' - running locally.
  NOT STARTED.
  Currently in standby mode.
  Number of jobs executed: 0
  Using thread pool 'Quartz.Simpl.DefaultThreadPool' - with 10 threads.
  Using job-store 'Quartz.Simpl.RAMJobStore' - which does not support persistence. and is not clustered.
 
2021-06-30 18:22:39.7867 Quartz.Core.QuartzScheduler JobFactory set to: QuartzExtensions.JobFactory 
2021-06-30 18:22:39.9377 Quartz.Core.QuartzScheduler Scheduler MESServer_$_NON_CLUSTERED started. 
2021-06-30 18:24:31.8910 Quartz.Core.QuartzScheduler Quartz Scheduler v.3.3.2.0 created. 
2021-06-30 18:24:31.9063 Quartz.Core.QuartzScheduler Scheduler meta-data: Quartz Scheduler (v3.3.2.0) 'MESServer' with instanceId 'NON_CLUSTERED'
  Scheduler class: 'Quartz.Core.QuartzScheduler' - running locally.
  NOT STARTED.
  Currently in standby mode.
  Number of jobs executed: 0
  Using thread pool 'Quartz.Simpl.DefaultThreadPool' - with 10 threads.
  Using job-store 'Quartz.Simpl.RAMJobStore' - which does not support persistence. and is not clustered.
 
2021-06-30 18:24:31.9063 Quartz.Core.QuartzScheduler JobFactory set to: QuartzExtensions.JobFactory 
2021-06-30 18:24:32.0585 Quartz.Core.QuartzScheduler Scheduler MESServer_$_NON_CLUSTERED started. 
2021-06-30 18:25:49.6258 Quartz.Core.QuartzScheduler Quartz Scheduler v.3.3.2.0 created. 
2021-06-30 18:25:49.6258 Quartz.Core.QuartzScheduler Scheduler meta-data: Quartz Scheduler (v3.3.2.0) 'MESServer' with instanceId 'NON_CLUSTERED'
  Scheduler class: 'Quartz.Core.QuartzScheduler' - running locally.
  NOT STARTED.
  Currently in standby mode.
  Number of jobs executed: 0
  Using thread pool 'Quartz.Simpl.DefaultThreadPool' - with 10 threads.
  Using job-store 'Quartz.Simpl.RAMJobStore' - which does not support persistence. and is not clustered.
 
2021-06-30 18:25:49.6258 Quartz.Core.QuartzScheduler JobFactory set to: QuartzExtensions.JobFactory 
2021-06-30 18:25:49.7771 Quartz.Core.QuartzScheduler Scheduler MESServer_$_NON_CLUSTERED started. 
2021-06-30 18:33:55.5616 Quartz.Core.QuartzScheduler Quartz Scheduler v.3.3.2.0 created. 
2021-06-30 18:33:55.5616 Quartz.Core.QuartzScheduler Scheduler meta-data: Quartz Scheduler (v3.3.2.0) 'MESServer' with instanceId 'NON_CLUSTERED'
  Scheduler class: 'Quartz.Core.QuartzScheduler' - running locally.
  NOT STARTED.
  Currently in standby mode.
  Number of jobs executed: 0
  Using thread pool 'Quartz.Simpl.DefaultThreadPool' - with 10 threads.
  Using job-store 'Quartz.Simpl.RAMJobStore' - which does not support persistence. and is not clustered.
 
2021-06-30 18:33:55.5616 Quartz.Core.QuartzScheduler JobFactory set to: QuartzExtensions.JobFactory 
2021-06-30 18:33:55.7200 Quartz.Core.QuartzScheduler Scheduler MESServer_$_NON_CLUSTERED started. 
