2021-07-01 10:15:03.5692 Quartz.Core.ErrorLogger Job CntyDemoJobGroup.CntyDemoJob threw an exception. Quartz.SchedulerException: Job threw an unhandled exception.
 ---> System.NullReferenceException: Object reference not set to an instance of an object.
   at Quartz.Core.JobRunShell.Run(CancellationToken cancellationToken)
   --- End of inner exception stack trace --- [See nested exception: System.NullReferenceException: Object reference not set to an instance of an object.
   at Quartz.Core.JobRunShell.Run(CancellationToken cancellationToken)]
2021-07-01 10:15:04.0151 Quartz.Core.ErrorLogger Job CntyDemoJobGroup.CntyDemoJob threw an exception. Quartz.SchedulerException: Job threw an unhandled exception.
 ---> System.NullReferenceException: Object reference not set to an instance of an object.
   at Quartz.Core.JobRunShell.Run(CancellationToken cancellationToken)
   --- End of inner exception stack trace --- [See nested exception: System.NullReferenceException: Object reference not set to an instance of an object.
   at Quartz.Core.JobRunShell.Run(CancellationToken cancellationToken)]
2021-07-01 10:15:05.0154 Quartz.Core.ErrorLogger Job CntyDemoJobGroup.CntyDemoJob threw an exception. Quartz.SchedulerException: Job threw an unhandled exception.
 ---> System.NullReferenceException: Object reference not set to an instance of an object.
   at Quartz.Core.JobRunShell.Run(CancellationToken cancellationToken)
   --- End of inner exception stack trace --- [See nested exception: System.NullReferenceException: Object reference not set to an instance of an object.
   at Quartz.Core.JobRunShell.Run(CancellationToken cancellationToken)]
2021-07-01 10:15:06.0156 Quartz.Core.ErrorLogger Job CntyDemoJobGroup.CntyDemoJob threw an exception. Quartz.SchedulerException: Job threw an unhandled exception.
 ---> System.NullReferenceException: Object reference not set to an instance of an object.
   at Quartz.Core.JobRunShell.Run(CancellationToken cancellationToken)
   --- End of inner exception stack trace --- [See nested exception: System.NullReferenceException: Object reference not set to an instance of an object.
   at Quartz.Core.JobRunShell.Run(CancellationToken cancellationToken)]
2021-07-01 10:15:07.0552 Quartz.Core.ErrorLogger Job CntyDemoJobGroup.CntyDemoJob threw an exception. Quartz.SchedulerException: Job threw an unhandled exception.
 ---> System.NullReferenceException: Object reference not set to an instance of an object.
   at Quartz.Core.JobRunShell.Run(CancellationToken cancellationToken)
   --- End of inner exception stack trace --- [See nested exception: System.NullReferenceException: Object reference not set to an instance of an object.
   at Quartz.Core.JobRunShell.Run(CancellationToken cancellationToken)]
2021-07-01 10:15:08.0350 Quartz.Core.ErrorLogger Job CntyDemoJobGroup.CntyDemoJob threw an exception. Quartz.SchedulerException: Job threw an unhandled exception.
 ---> System.NullReferenceException: Object reference not set to an instance of an object.
   at Quartz.Core.JobRunShell.Run(CancellationToken cancellationToken)
   --- End of inner exception stack trace --- [See nested exception: System.NullReferenceException: Object reference not set to an instance of an object.
   at Quartz.Core.JobRunShell.Run(CancellationToken cancellationToken)]
2021-07-01 10:15:09.0127 Quartz.Core.ErrorLogger Job CntyDemoJobGroup.CntyDemoJob threw an exception. Quartz.SchedulerException: Job threw an unhandled exception.
 ---> System.NullReferenceException: Object reference not set to an instance of an object.
   at Quartz.Core.JobRunShell.Run(CancellationToken cancellationToken)
   --- End of inner exception stack trace --- [See nested exception: System.NullReferenceException: Object reference not set to an instance of an object.
   at Quartz.Core.JobRunShell.Run(CancellationToken cancellationToken)]
2021-07-01 10:15:10.0128 Quartz.Core.ErrorLogger Job CntyDemoJobGroup.CntyDemoJob threw an exception. Quartz.SchedulerException: Job threw an unhandled exception.
 ---> System.NullReferenceException: Object reference not set to an instance of an object.
   at Quartz.Core.JobRunShell.Run(CancellationToken cancellationToken)
   --- End of inner exception stack trace --- [See nested exception: System.NullReferenceException: Object reference not set to an instance of an object.
   at Quartz.Core.JobRunShell.Run(CancellationToken cancellationToken)]
2021-07-01 10:15:11.0135 Quartz.Core.ErrorLogger Job CntyDemoJobGroup.CntyDemoJob threw an exception. Quartz.SchedulerException: Job threw an unhandled exception.
 ---> System.NullReferenceException: Object reference not set to an instance of an object.
   at Quartz.Core.JobRunShell.Run(CancellationToken cancellationToken)
   --- End of inner exception stack trace --- [See nested exception: System.NullReferenceException: Object reference not set to an instance of an object.
   at Quartz.Core.JobRunShell.Run(CancellationToken cancellationToken)]
2021-07-01 10:18:51.4130 Quartz.Core.ErrorLogger Job CntyDemoJobGroup.CntyDemoJob threw an exception. Quartz.SchedulerException: Job threw an unhandled exception.
 ---> System.NullReferenceException: Object reference not set to an instance of an object.
   at Quartz.Core.JobRunShell.Run(CancellationToken cancellationToken)
   --- End of inner exception stack trace --- [See nested exception: System.NullReferenceException: Object reference not set to an instance of an object.
   at Quartz.Core.JobRunShell.Run(CancellationToken cancellationToken)]
2021-07-01 10:18:52.0161 Quartz.Core.ErrorLogger Job CntyDemoJobGroup.CntyDemoJob threw an exception. Quartz.SchedulerException: Job threw an unhandled exception.
 ---> System.NullReferenceException: Object reference not set to an instance of an object.
   at Quartz.Core.JobRunShell.Run(CancellationToken cancellationToken)
   --- End of inner exception stack trace --- [See nested exception: System.NullReferenceException: Object reference not set to an instance of an object.
   at Quartz.Core.JobRunShell.Run(CancellationToken cancellationToken)]
2021-07-01 10:18:53.0157 Quartz.Core.ErrorLogger Job CntyDemoJobGroup.CntyDemoJob threw an exception. Quartz.SchedulerException: Job threw an unhandled exception.
 ---> System.NullReferenceException: Object reference not set to an instance of an object.
   at Quartz.Core.JobRunShell.Run(CancellationToken cancellationToken)
   --- End of inner exception stack trace --- [See nested exception: System.NullReferenceException: Object reference not set to an instance of an object.
   at Quartz.Core.JobRunShell.Run(CancellationToken cancellationToken)]
2021-07-01 10:18:54.0148 Quartz.Core.ErrorLogger Job CntyDemoJobGroup.CntyDemoJob threw an exception. Quartz.SchedulerException: Job threw an unhandled exception.
 ---> System.NullReferenceException: Object reference not set to an instance of an object.
   at Quartz.Core.JobRunShell.Run(CancellationToken cancellationToken)
   --- End of inner exception stack trace --- [See nested exception: System.NullReferenceException: Object reference not set to an instance of an object.
   at Quartz.Core.JobRunShell.Run(CancellationToken cancellationToken)]
2021-07-01 10:18:55.0150 Quartz.Core.ErrorLogger Job CntyDemoJobGroup.CntyDemoJob threw an exception. Quartz.SchedulerException: Job threw an unhandled exception.
 ---> System.NullReferenceException: Object reference not set to an instance of an object.
   at Quartz.Core.JobRunShell.Run(CancellationToken cancellationToken)
   --- End of inner exception stack trace --- [See nested exception: System.NullReferenceException: Object reference not set to an instance of an object.
   at Quartz.Core.JobRunShell.Run(CancellationToken cancellationToken)]
2021-07-01 10:18:56.0148 Quartz.Core.ErrorLogger Job CntyDemoJobGroup.CntyDemoJob threw an exception. Quartz.SchedulerException: Job threw an unhandled exception.
 ---> System.NullReferenceException: Object reference not set to an instance of an object.
   at Quartz.Core.JobRunShell.Run(CancellationToken cancellationToken)
   --- End of inner exception stack trace --- [See nested exception: System.NullReferenceException: Object reference not set to an instance of an object.
   at Quartz.Core.JobRunShell.Run(CancellationToken cancellationToken)]
2021-07-01 10:18:57.0137 Quartz.Core.ErrorLogger Job CntyDemoJobGroup.CntyDemoJob threw an exception. Quartz.SchedulerException: Job threw an unhandled exception.
 ---> System.NullReferenceException: Object reference not set to an instance of an object.
   at Quartz.Core.JobRunShell.Run(CancellationToken cancellationToken)
   --- End of inner exception stack trace --- [See nested exception: System.NullReferenceException: Object reference not set to an instance of an object.
   at Quartz.Core.JobRunShell.Run(CancellationToken cancellationToken)]
2021-07-01 10:18:58.0156 Quartz.Core.ErrorLogger Job CntyDemoJobGroup.CntyDemoJob threw an exception. Quartz.SchedulerException: Job threw an unhandled exception.
 ---> System.NullReferenceException: Object reference not set to an instance of an object.
   at Quartz.Core.JobRunShell.Run(CancellationToken cancellationToken)
   --- End of inner exception stack trace --- [See nested exception: System.NullReferenceException: Object reference not set to an instance of an object.
   at Quartz.Core.JobRunShell.Run(CancellationToken cancellationToken)]
2021-07-01 10:18:59.0134 Quartz.Core.ErrorLogger Job CntyDemoJobGroup.CntyDemoJob threw an exception. Quartz.SchedulerException: Job threw an unhandled exception.
 ---> System.NullReferenceException: Object reference not set to an instance of an object.
   at Quartz.Core.JobRunShell.Run(CancellationToken cancellationToken)
   --- End of inner exception stack trace --- [See nested exception: System.NullReferenceException: Object reference not set to an instance of an object.
   at Quartz.Core.JobRunShell.Run(CancellationToken cancellationToken)]
2021-07-01 10:19:00.0131 Quartz.Core.ErrorLogger Job CntyDemoJobGroup.CntyDemoJob threw an exception. Quartz.SchedulerException: Job threw an unhandled exception.
 ---> System.NullReferenceException: Object reference not set to an instance of an object.
   at Quartz.Core.JobRunShell.Run(CancellationToken cancellationToken)
   --- End of inner exception stack trace --- [See nested exception: System.NullReferenceException: Object reference not set to an instance of an object.
   at Quartz.Core.JobRunShell.Run(CancellationToken cancellationToken)]
2021-07-01 10:19:01.0154 Quartz.Core.ErrorLogger Job CntyDemoJobGroup.CntyDemoJob threw an exception. Quartz.SchedulerException: Job threw an unhandled exception.
 ---> System.NullReferenceException: Object reference not set to an instance of an object.
   at Quartz.Core.JobRunShell.Run(CancellationToken cancellationToken)
   --- End of inner exception stack trace --- [See nested exception: System.NullReferenceException: Object reference not set to an instance of an object.
   at Quartz.Core.JobRunShell.Run(CancellationToken cancellationToken)]
2021-07-01 10:19:02.0147 Quartz.Core.ErrorLogger Job CntyDemoJobGroup.CntyDemoJob threw an exception. Quartz.SchedulerException: Job threw an unhandled exception.
 ---> System.NullReferenceException: Object reference not set to an instance of an object.
   at Quartz.Core.JobRunShell.Run(CancellationToken cancellationToken)
   --- End of inner exception stack trace --- [See nested exception: System.NullReferenceException: Object reference not set to an instance of an object.
   at Quartz.Core.JobRunShell.Run(CancellationToken cancellationToken)]
2021-07-01 10:19:03.0150 Quartz.Core.ErrorLogger Job CntyDemoJobGroup.CntyDemoJob threw an exception. Quartz.SchedulerException: Job threw an unhandled exception.
 ---> System.NullReferenceException: Object reference not set to an instance of an object.
   at Quartz.Core.JobRunShell.Run(CancellationToken cancellationToken)
   --- End of inner exception stack trace --- [See nested exception: System.NullReferenceException: Object reference not set to an instance of an object.
   at Quartz.Core.JobRunShell.Run(CancellationToken cancellationToken)]
2021-07-01 10:19:04.0140 Quartz.Core.ErrorLogger Job CntyDemoJobGroup.CntyDemoJob threw an exception. Quartz.SchedulerException: Job threw an unhandled exception.
 ---> System.NullReferenceException: Object reference not set to an instance of an object.
   at Quartz.Core.JobRunShell.Run(CancellationToken cancellationToken)
   --- End of inner exception stack trace --- [See nested exception: System.NullReferenceException: Object reference not set to an instance of an object.
   at Quartz.Core.JobRunShell.Run(CancellationToken cancellationToken)]
2021-07-01 10:19:05.0131 Quartz.Core.ErrorLogger Job CntyDemoJobGroup.CntyDemoJob threw an exception. Quartz.SchedulerException: Job threw an unhandled exception.
 ---> System.NullReferenceException: Object reference not set to an instance of an object.
   at Quartz.Core.JobRunShell.Run(CancellationToken cancellationToken)
   --- End of inner exception stack trace --- [See nested exception: System.NullReferenceException: Object reference not set to an instance of an object.
   at Quartz.Core.JobRunShell.Run(CancellationToken cancellationToken)]
2021-07-01 10:19:06.0134 Quartz.Core.ErrorLogger Job CntyDemoJobGroup.CntyDemoJob threw an exception. Quartz.SchedulerException: Job threw an unhandled exception.
 ---> System.NullReferenceException: Object reference not set to an instance of an object.
   at Quartz.Core.JobRunShell.Run(CancellationToken cancellationToken)
   --- End of inner exception stack trace --- [See nested exception: System.NullReferenceException: Object reference not set to an instance of an object.
   at Quartz.Core.JobRunShell.Run(CancellationToken cancellationToken)]
2021-07-01 10:19:07.0139 Quartz.Core.ErrorLogger Job CntyDemoJobGroup.CntyDemoJob threw an exception. Quartz.SchedulerException: Job threw an unhandled exception.
 ---> System.NullReferenceException: Object reference not set to an instance of an object.
   at Quartz.Core.JobRunShell.Run(CancellationToken cancellationToken)
   --- End of inner exception stack trace --- [See nested exception: System.NullReferenceException: Object reference not set to an instance of an object.
   at Quartz.Core.JobRunShell.Run(CancellationToken cancellationToken)]
2021-07-01 10:19:08.0130 Quartz.Core.ErrorLogger Job CntyDemoJobGroup.CntyDemoJob threw an exception. Quartz.SchedulerException: Job threw an unhandled exception.
 ---> System.NullReferenceException: Object reference not set to an instance of an object.
   at Quartz.Core.JobRunShell.Run(CancellationToken cancellationToken)
   --- End of inner exception stack trace --- [See nested exception: System.NullReferenceException: Object reference not set to an instance of an object.
   at Quartz.Core.JobRunShell.Run(CancellationToken cancellationToken)]
2021-07-01 10:19:09.0124 Quartz.Core.ErrorLogger Job CntyDemoJobGroup.CntyDemoJob threw an exception. Quartz.SchedulerException: Job threw an unhandled exception.
 ---> System.NullReferenceException: Object reference not set to an instance of an object.
   at Quartz.Core.JobRunShell.Run(CancellationToken cancellationToken)
   --- End of inner exception stack trace --- [See nested exception: System.NullReferenceException: Object reference not set to an instance of an object.
   at Quartz.Core.JobRunShell.Run(CancellationToken cancellationToken)]
2021-07-01 10:19:10.0128 Quartz.Core.ErrorLogger Job CntyDemoJobGroup.CntyDemoJob threw an exception. Quartz.SchedulerException: Job threw an unhandled exception.
 ---> System.NullReferenceException: Object reference not set to an instance of an object.
   at Quartz.Core.JobRunShell.Run(CancellationToken cancellationToken)
   --- End of inner exception stack trace --- [See nested exception: System.NullReferenceException: Object reference not set to an instance of an object.
   at Quartz.Core.JobRunShell.Run(CancellationToken cancellationToken)]
2021-07-01 10:19:11.0148 Quartz.Core.ErrorLogger Job CntyDemoJobGroup.CntyDemoJob threw an exception. Quartz.SchedulerException: Job threw an unhandled exception.
 ---> System.NullReferenceException: Object reference not set to an instance of an object.
   at Quartz.Core.JobRunShell.Run(CancellationToken cancellationToken)
   --- End of inner exception stack trace --- [See nested exception: System.NullReferenceException: Object reference not set to an instance of an object.
   at Quartz.Core.JobRunShell.Run(CancellationToken cancellationToken)]
2021-07-01 10:19:12.0131 Quartz.Core.ErrorLogger Job CntyDemoJobGroup.CntyDemoJob threw an exception. Quartz.SchedulerException: Job threw an unhandled exception.
 ---> System.NullReferenceException: Object reference not set to an instance of an object.
   at Quartz.Core.JobRunShell.Run(CancellationToken cancellationToken)
   --- End of inner exception stack trace --- [See nested exception: System.NullReferenceException: Object reference not set to an instance of an object.
   at Quartz.Core.JobRunShell.Run(CancellationToken cancellationToken)]
2021-07-01 13:28:43.7201 Quartz.Core.ErrorLogger Job CntyDemoJobGroup.CntyDemoJob threw an exception. Quartz.SchedulerException: Job threw an unhandled exception.
 ---> System.NullReferenceException: Object reference not set to an instance of an object.
   at Quartz.Core.JobRunShell.Run(CancellationToken cancellationToken)
   --- End of inner exception stack trace --- [See nested exception: System.NullReferenceException: Object reference not set to an instance of an object.
   at Quartz.Core.JobRunShell.Run(CancellationToken cancellationToken)]
2021-07-01 13:28:44.0167 Quartz.Core.ErrorLogger Job CntyDemoJobGroup.CntyDemoJob threw an exception. Quartz.SchedulerException: Job threw an unhandled exception.
 ---> System.NullReferenceException: Object reference not set to an instance of an object.
   at Quartz.Core.JobRunShell.Run(CancellationToken cancellationToken)
   --- End of inner exception stack trace --- [See nested exception: System.NullReferenceException: Object reference not set to an instance of an object.
   at Quartz.Core.JobRunShell.Run(CancellationToken cancellationToken)]
2021-07-01 13:28:45.0160 Quartz.Core.ErrorLogger Job CntyDemoJobGroup.CntyDemoJob threw an exception. Quartz.SchedulerException: Job threw an unhandled exception.
 ---> System.NullReferenceException: Object reference not set to an instance of an object.
   at Quartz.Core.JobRunShell.Run(CancellationToken cancellationToken)
   --- End of inner exception stack trace --- [See nested exception: System.NullReferenceException: Object reference not set to an instance of an object.
   at Quartz.Core.JobRunShell.Run(CancellationToken cancellationToken)]
2021-07-01 13:28:46.0154 Quartz.Core.ErrorLogger Job CntyDemoJobGroup.CntyDemoJob threw an exception. Quartz.SchedulerException: Job threw an unhandled exception.
 ---> System.NullReferenceException: Object reference not set to an instance of an object.
   at Quartz.Core.JobRunShell.Run(CancellationToken cancellationToken)
   --- End of inner exception stack trace --- [See nested exception: System.NullReferenceException: Object reference not set to an instance of an object.
   at Quartz.Core.JobRunShell.Run(CancellationToken cancellationToken)]
2021-07-01 13:28:47.0156 Quartz.Core.ErrorLogger Job CntyDemoJobGroup.CntyDemoJob threw an exception. Quartz.SchedulerException: Job threw an unhandled exception.
 ---> System.NullReferenceException: Object reference not set to an instance of an object.
   at Quartz.Core.JobRunShell.Run(CancellationToken cancellationToken)
   --- End of inner exception stack trace --- [See nested exception: System.NullReferenceException: Object reference not set to an instance of an object.
   at Quartz.Core.JobRunShell.Run(CancellationToken cancellationToken)]
